runid                 	all	run1
num_q                 	all	160
num_ret               	all	1583
num_rel               	all	1331
num_rel_ret           	all	319
map                   	all	0.1996
gm_map                	all	0.0038
Rprec                 	all	0.2074
bpref                 	all	0.1965
recip_rank            	all	0.4229
iprec_at_recall_0.00  	all	0.4394
iprec_at_recall_0.10  	all	0.3865
iprec_at_recall_0.20  	all	0.3239
iprec_at_recall_0.30  	all	0.2602
iprec_at_recall_0.40  	all	0.2114
iprec_at_recall_0.50  	all	0.1906
iprec_at_recall_0.60  	all	0.1329
iprec_at_recall_0.70  	all	0.1214
iprec_at_recall_0.80  	all	0.1006
iprec_at_recall_0.90  	all	0.0902
iprec_at_recall_1.00  	all	0.0902
P_5                   	all	0.2450
P_10                  	all	0.1994
P_15                  	all	0.1329
P_20                  	all	0.0997
P_30                  	all	0.0665
P_100                 	all	0.0199
P_200                 	all	0.0100
P_500                 	all	0.0040
P_1000                	all	0.0020
recall_5              	all	0.2161
recall_10             	all	0.2883
recall_15             	all	0.2883
recall_20             	all	0.2883
recall_30             	all	0.2883
recall_100            	all	0.2883
recall_200            	all	0.2883
recall_500            	all	0.2883
recall_1000           	all	0.2883
infAP                 	all	0.1996
gm_bpref              	all	0.0021
Rprec_mult_0.20       	all	0.3167
Rprec_mult_0.40       	all	0.2801
Rprec_mult_0.60       	all	0.2466
Rprec_mult_0.80       	all	0.2247
Rprec_mult_1.00       	all	0.2074
Rprec_mult_1.20       	all	0.1651
Rprec_mult_1.40       	all	0.1486
Rprec_mult_1.60       	all	0.1348
Rprec_mult_1.80       	all	0.1248
Rprec_mult_2.00       	all	0.1187
utility               	all	-5.9062
11pt_avg              	all	0.2134
binG                  	all	0.2071
G                     	all	0.2071
ndcg                  	all	0.2761
ndcg_rel              	all	0.3047
Rndcg                 	all	0.2559
ndcg_cut_5            	all	0.3216
ndcg_cut_10           	all	0.3266
ndcg_cut_15           	all	0.3008
ndcg_cut_20           	all	0.2898
ndcg_cut_30           	all	0.2811
ndcg_cut_100          	all	0.2761
ndcg_cut_200          	all	0.2761
ndcg_cut_500          	all	0.2761
ndcg_cut_1000         	all	0.2761
map_cut_5             	all	0.1678
map_cut_10            	all	0.1996
map_cut_15            	all	0.1996
map_cut_20            	all	0.1996
map_cut_30            	all	0.1996
map_cut_100           	all	0.1996
map_cut_200           	all	0.1996
map_cut_500           	all	0.1996
map_cut_1000          	all	0.1996
relative_P_5          	all	0.3280
relative_P_10         	all	0.3528
relative_P_15         	all	0.3163
relative_P_20         	all	0.3026
relative_P_30         	all	0.2929
relative_P_100        	all	0.2883
relative_P_200        	all	0.2883
relative_P_500        	all	0.2883
relative_P_1000       	all	0.2883
success_1             	all	0.3375
success_5             	all	0.5375
success_10            	all	0.6000
set_P                 	all	0.2036
set_relative_P        	all	0.3570
set_recall            	all	0.2883
set_map               	all	0.0892
set_F                 	all	0.1805
num_nonrel_judged_ret 	all	1072
