runid                 	all	run1
num_q                 	all	160
num_ret               	all	15427
num_rel               	all	1331
num_rel_ret           	all	935
map                   	all	0.2683
gm_map                	all	0.0131
Rprec                 	all	0.2526
bpref                 	all	0.2508
recip_rank            	all	0.4282
iprec_at_recall_0.00  	all	0.4500
iprec_at_recall_0.10  	all	0.4156
iprec_at_recall_0.20  	all	0.3831
iprec_at_recall_0.30  	all	0.3469
iprec_at_recall_0.40  	all	0.3087
iprec_at_recall_0.50  	all	0.2888
iprec_at_recall_0.60  	all	0.2384
iprec_at_recall_0.70  	all	0.2121
iprec_at_recall_0.80  	all	0.1772
iprec_at_recall_0.90  	all	0.1496
iprec_at_recall_1.00  	all	0.1285
P_5                   	all	0.2450
P_10                  	all	0.1994
P_15                  	all	0.1779
P_20                  	all	0.1550
P_30                  	all	0.1298
P_100                 	all	0.0584
P_200                 	all	0.0292
P_500                 	all	0.0117
P_1000                	all	0.0058
recall_5              	all	0.2161
recall_10             	all	0.2883
recall_15             	all	0.3330
recall_20             	all	0.3704
recall_30             	all	0.4294
recall_100            	all	0.5620
recall_200            	all	0.5620
recall_500            	all	0.5620
recall_1000           	all	0.5620
infAP                 	all	0.2683
gm_bpref              	all	0.0026
Rprec_mult_0.20       	all	0.3214
Rprec_mult_0.40       	all	0.3007
Rprec_mult_0.60       	all	0.2815
Rprec_mult_0.80       	all	0.2675
Rprec_mult_1.00       	all	0.2526
Rprec_mult_1.20       	all	0.2153
Rprec_mult_1.40       	all	0.1996
Rprec_mult_1.60       	all	0.1847
Rprec_mult_1.80       	all	0.1725
Rprec_mult_2.00       	all	0.1642
utility               	all	-84.7313
11pt_avg              	all	0.2817
binG                  	all	0.2743
G                     	all	0.2743
ndcg                  	all	0.3981
ndcg_rel              	all	0.3845
Rndcg                 	all	0.3348
ndcg_cut_5            	all	0.3216
ndcg_cut_10           	all	0.3266
ndcg_cut_15           	all	0.3360
ndcg_cut_20           	all	0.3419
ndcg_cut_30           	all	0.3576
ndcg_cut_100          	all	0.3981
ndcg_cut_200          	all	0.3981
ndcg_cut_500          	all	0.3981
ndcg_cut_1000         	all	0.3981
map_cut_5             	all	0.1678
map_cut_10            	all	0.1996
map_cut_15            	all	0.2196
map_cut_20            	all	0.2301
map_cut_30            	all	0.2454
map_cut_100           	all	0.2683
map_cut_200           	all	0.2683
map_cut_500           	all	0.2683
map_cut_1000          	all	0.2683
relative_P_5          	all	0.3280
relative_P_10         	all	0.3528
relative_P_15         	all	0.3759
relative_P_20         	all	0.3982
relative_P_30         	all	0.4422
relative_P_100        	all	0.5620
relative_P_200        	all	0.5620
relative_P_500        	all	0.5620
relative_P_1000       	all	0.5620
success_1             	all	0.3375
success_5             	all	0.5375
success_10            	all	0.6000
set_P                 	all	0.0689
set_relative_P        	all	0.5665
set_recall            	all	0.5620
set_map               	all	0.0501
set_F                 	all	0.1006
num_nonrel_judged_ret 	all	6563
