runid                 	all	run1
num_q                 	all	160
num_ret               	all	1583
num_rel               	all	1331
num_rel_ret           	all	46
map                   	all	0.0192
gm_map                	all	0.0000
Rprec                 	all	0.0225
bpref                 	all	0.0266
recip_rank            	all	0.0791
iprec_at_recall_0.00  	all	0.0820
iprec_at_recall_0.10  	all	0.0416
iprec_at_recall_0.20  	all	0.0339
iprec_at_recall_0.30  	all	0.0237
iprec_at_recall_0.40  	all	0.0201
iprec_at_recall_0.50  	all	0.0169
iprec_at_recall_0.60  	all	0.0104
iprec_at_recall_0.70  	all	0.0042
iprec_at_recall_0.80  	all	0.0042
iprec_at_recall_0.90  	all	0.0042
iprec_at_recall_1.00  	all	0.0042
P_5                   	all	0.0375
P_10                  	all	0.0288
P_15                  	all	0.0192
P_20                  	all	0.0144
P_30                  	all	0.0096
P_100                 	all	0.0029
P_200                 	all	0.0014
P_500                 	all	0.0006
P_1000                	all	0.0003
recall_5              	all	0.0273
recall_10             	all	0.0370
recall_15             	all	0.0370
recall_20             	all	0.0370
recall_30             	all	0.0370
recall_100            	all	0.0370
recall_200            	all	0.0370
recall_500            	all	0.0370
recall_1000           	all	0.0370
infAP                 	all	0.0192
gm_bpref              	all	0.0000
Rprec_mult_0.20       	all	0.0443
Rprec_mult_0.40       	all	0.0330
Rprec_mult_0.60       	all	0.0262
Rprec_mult_0.80       	all	0.0242
Rprec_mult_1.00       	all	0.0225
Rprec_mult_1.20       	all	0.0229
Rprec_mult_1.40       	all	0.0211
Rprec_mult_1.60       	all	0.0194
Rprec_mult_1.80       	all	0.0179
Rprec_mult_2.00       	all	0.0169
utility               	all	-9.3187
11pt_avg              	all	0.0223
binG                  	all	0.0222
G                     	all	0.0222
ndcg                  	all	0.0354
ndcg_rel              	all	0.0400
Rndcg                 	all	0.0315
ndcg_cut_5            	all	0.0452
ndcg_cut_10           	all	0.0435
ndcg_cut_15           	all	0.0397
ndcg_cut_20           	all	0.0379
ndcg_cut_30           	all	0.0364
ndcg_cut_100          	all	0.0354
ndcg_cut_200          	all	0.0354
ndcg_cut_500          	all	0.0354
ndcg_cut_1000         	all	0.0354
map_cut_5             	all	0.0171
map_cut_10            	all	0.0192
map_cut_15            	all	0.0192
map_cut_20            	all	0.0192
map_cut_30            	all	0.0192
map_cut_100           	all	0.0192
map_cut_200           	all	0.0192
map_cut_500           	all	0.0192
map_cut_1000          	all	0.0192
relative_P_5          	all	0.0458
relative_P_10         	all	0.0465
relative_P_15         	all	0.0415
relative_P_20         	all	0.0394
relative_P_30         	all	0.0378
relative_P_100        	all	0.0370
relative_P_200        	all	0.0370
relative_P_500        	all	0.0370
relative_P_1000       	all	0.0370
success_1             	all	0.0500
success_5             	all	0.1125
success_10            	all	0.1625
set_P                 	all	0.0330
set_relative_P        	all	0.0506
set_recall            	all	0.0370
set_map               	all	0.0073
set_F                 	all	0.0258
num_nonrel_judged_ret 	all	572
