runid                 	all	run1
num_q                 	all	160
num_ret               	all	15427
num_rel               	all	1331
num_rel_ret           	all	238
map                   	all	0.0298
gm_map                	all	0.0001
Rprec                 	all	0.0313
bpref                 	all	0.0469
recip_rank            	all	0.0854
iprec_at_recall_0.00  	all	0.0912
iprec_at_recall_0.10  	all	0.0653
iprec_at_recall_0.20  	all	0.0558
iprec_at_recall_0.30  	all	0.0405
iprec_at_recall_0.40  	all	0.0325
iprec_at_recall_0.50  	all	0.0279
iprec_at_recall_0.60  	all	0.0199
iprec_at_recall_0.70  	all	0.0129
iprec_at_recall_0.80  	all	0.0101
iprec_at_recall_0.90  	all	0.0101
iprec_at_recall_1.00  	all	0.0101
P_5                   	all	0.0375
P_10                  	all	0.0288
P_15                  	all	0.0275
P_20                  	all	0.0269
P_30                  	all	0.0229
P_100                 	all	0.0149
P_200                 	all	0.0074
P_500                 	all	0.0030
P_1000                	all	0.0015
recall_5              	all	0.0273
recall_10             	all	0.0370
recall_15             	all	0.0464
recall_20             	all	0.0546
recall_30             	all	0.0679
recall_100            	all	0.1242
recall_200            	all	0.1242
recall_500            	all	0.1242
recall_1000           	all	0.1242
infAP                 	all	0.0298
gm_bpref              	all	0.0001
Rprec_mult_0.20       	all	0.0465
Rprec_mult_0.40       	all	0.0391
Rprec_mult_0.60       	all	0.0341
Rprec_mult_0.80       	all	0.0325
Rprec_mult_1.00       	all	0.0313
Rprec_mult_1.20       	all	0.0329
Rprec_mult_1.40       	all	0.0313
Rprec_mult_1.60       	all	0.0316
Rprec_mult_1.80       	all	0.0310
Rprec_mult_2.00       	all	0.0295
utility               	all	-93.4437
11pt_avg              	all	0.0342
binG                  	all	0.0400
G                     	all	0.0400
ndcg                  	all	0.0725
ndcg_rel              	all	0.0695
Rndcg                 	all	0.0536
ndcg_cut_5            	all	0.0452
ndcg_cut_10           	all	0.0435
ndcg_cut_15           	all	0.0468
ndcg_cut_20           	all	0.0495
ndcg_cut_30           	all	0.0529
ndcg_cut_100          	all	0.0725
ndcg_cut_200          	all	0.0725
ndcg_cut_500          	all	0.0725
ndcg_cut_1000         	all	0.0725
map_cut_5             	all	0.0171
map_cut_10            	all	0.0192
map_cut_15            	all	0.0210
map_cut_20            	all	0.0226
map_cut_30            	all	0.0240
map_cut_100           	all	0.0298
map_cut_200           	all	0.0298
map_cut_500           	all	0.0298
map_cut_1000          	all	0.0298
relative_P_5          	all	0.0458
relative_P_10         	all	0.0465
relative_P_15         	all	0.0545
relative_P_20         	all	0.0610
relative_P_30         	all	0.0713
relative_P_100        	all	0.1242
relative_P_200        	all	0.1242
relative_P_500        	all	0.1242
relative_P_1000       	all	0.1242
success_1             	all	0.0500
success_5             	all	0.1125
success_10            	all	0.1625
set_P                 	all	0.0253
set_relative_P        	all	0.1287
set_recall            	all	0.1242
set_map               	all	0.0112
set_F                 	all	0.0309
num_nonrel_judged_ret 	all	3445
