runid                 	all	run1
num_q                 	all	160
num_ret               	all	15427
num_rel               	all	1331
num_rel_ret           	all	707
map                   	all	0.1334
gm_map                	all	0.0035
Rprec                 	all	0.1203
bpref                 	all	0.1385
recip_rank            	all	0.2861
iprec_at_recall_0.00  	all	0.3030
iprec_at_recall_0.10  	all	0.2369
iprec_at_recall_0.20  	all	0.2008
iprec_at_recall_0.30  	all	0.1735
iprec_at_recall_0.40  	all	0.1547
iprec_at_recall_0.50  	all	0.1407
iprec_at_recall_0.60  	all	0.1098
iprec_at_recall_0.70  	all	0.0879
iprec_at_recall_0.80  	all	0.0742
iprec_at_recall_0.90  	all	0.0589
iprec_at_recall_1.00  	all	0.0508
P_5                   	all	0.1512
P_10                  	all	0.1250
P_15                  	all	0.1087
P_20                  	all	0.0975
P_30                  	all	0.0835
P_100                 	all	0.0442
P_200                 	all	0.0221
P_500                 	all	0.0088
P_1000                	all	0.0044
recall_5              	all	0.1023
recall_10             	all	0.1583
recall_15             	all	0.2070
recall_20             	all	0.2356
recall_30             	all	0.2814
recall_100            	all	0.4260
recall_200            	all	0.4260
recall_500            	all	0.4260
recall_1000           	all	0.4260
infAP                 	all	0.1334
gm_bpref              	all	0.0005
Rprec_mult_0.20       	all	0.1649
Rprec_mult_0.40       	all	0.1493
Rprec_mult_0.60       	all	0.1408
Rprec_mult_0.80       	all	0.1280
Rprec_mult_1.00       	all	0.1203
Rprec_mult_1.20       	all	0.1131
Rprec_mult_1.40       	all	0.1075
Rprec_mult_1.60       	all	0.1013
Rprec_mult_1.80       	all	0.0940
Rprec_mult_2.00       	all	0.0901
utility               	all	-87.5812
11pt_avg              	all	0.1447
binG                  	all	0.1555
G                     	all	0.1555
ndcg                  	all	0.2526
ndcg_rel              	all	0.2381
Rndcg                 	all	0.1940
ndcg_cut_5            	all	0.1806
ndcg_cut_10           	all	0.1833
ndcg_cut_15           	all	0.1910
ndcg_cut_20           	all	0.1963
ndcg_cut_30           	all	0.2075
ndcg_cut_100          	all	0.2526
ndcg_cut_200          	all	0.2526
ndcg_cut_500          	all	0.2526
ndcg_cut_1000         	all	0.2526
map_cut_5             	all	0.0715
map_cut_10            	all	0.0897
map_cut_15            	all	0.1007
map_cut_20            	all	0.1071
map_cut_30            	all	0.1154
map_cut_100           	all	0.1334
map_cut_200           	all	0.1334
map_cut_500           	all	0.1334
map_cut_1000          	all	0.1334
relative_P_5          	all	0.1801
relative_P_10         	all	0.2031
relative_P_15         	all	0.2352
relative_P_20         	all	0.2548
relative_P_30         	all	0.2901
relative_P_100        	all	0.4260
relative_P_200        	all	0.4260
relative_P_500        	all	0.4260
relative_P_1000       	all	0.4260
success_1             	all	0.2188
success_5             	all	0.3438
success_10            	all	0.4375
set_P                 	all	0.0546
set_relative_P        	all	0.4305
set_recall            	all	0.4260
set_map               	all	0.0348
set_F                 	all	0.0779
num_nonrel_judged_ret 	all	5241
