runid                 	all	run1
num_q                 	all	160
num_ret               	all	1583
num_rel               	all	1331
num_rel_ret           	all	200
map                   	all	0.0897
gm_map                	all	0.0006
Rprec                 	all	0.0934
bpref                 	all	0.0928
recip_rank            	all	0.2780
iprec_at_recall_0.00  	all	0.2907
iprec_at_recall_0.10  	all	0.2094
iprec_at_recall_0.20  	all	0.1558
iprec_at_recall_0.30  	all	0.1090
iprec_at_recall_0.40  	all	0.0960
iprec_at_recall_0.50  	all	0.0771
iprec_at_recall_0.60  	all	0.0517
iprec_at_recall_0.70  	all	0.0412
iprec_at_recall_0.80  	all	0.0349
iprec_at_recall_0.90  	all	0.0287
iprec_at_recall_1.00  	all	0.0287
P_5                   	all	0.1512
P_10                  	all	0.1250
P_15                  	all	0.0833
P_20                  	all	0.0625
P_30                  	all	0.0417
P_100                 	all	0.0125
P_200                 	all	0.0063
P_500                 	all	0.0025
P_1000                	all	0.0013
recall_5              	all	0.1023
recall_10             	all	0.1583
recall_15             	all	0.1583
recall_20             	all	0.1583
recall_30             	all	0.1583
recall_100            	all	0.1583
recall_200            	all	0.1583
recall_500            	all	0.1583
recall_1000           	all	0.1583
infAP                 	all	0.0897
gm_bpref              	all	0.0003
Rprec_mult_0.20       	all	0.1613
Rprec_mult_0.40       	all	0.1373
Rprec_mult_0.60       	all	0.1202
Rprec_mult_0.80       	all	0.1053
Rprec_mult_1.00       	all	0.0934
Rprec_mult_1.20       	all	0.0828
Rprec_mult_1.40       	all	0.0761
Rprec_mult_1.60       	all	0.0690
Rprec_mult_1.80       	all	0.0630
Rprec_mult_2.00       	all	0.0593
utility               	all	-7.3937
11pt_avg              	all	0.1021
binG                  	all	0.0974
G                     	all	0.0974
ndcg                  	all	0.1455
ndcg_rel              	all	0.1627
Rndcg                 	all	0.1300
ndcg_cut_5            	all	0.1806
ndcg_cut_10           	all	0.1833
ndcg_cut_15           	all	0.1649
ndcg_cut_20           	all	0.1565
ndcg_cut_30           	all	0.1495
ndcg_cut_100          	all	0.1455
ndcg_cut_200          	all	0.1455
ndcg_cut_500          	all	0.1455
ndcg_cut_1000         	all	0.1455
map_cut_5             	all	0.0715
map_cut_10            	all	0.0897
map_cut_15            	all	0.0897
map_cut_20            	all	0.0897
map_cut_30            	all	0.0897
map_cut_100           	all	0.0897
map_cut_200           	all	0.0897
map_cut_500           	all	0.0897
map_cut_1000          	all	0.0897
relative_P_5          	all	0.1801
relative_P_10         	all	0.2031
relative_P_15         	all	0.1787
relative_P_20         	all	0.1690
relative_P_30         	all	0.1617
relative_P_100        	all	0.1583
relative_P_200        	all	0.1583
relative_P_500        	all	0.1583
relative_P_1000       	all	0.1583
success_1             	all	0.2188
success_5             	all	0.3438
success_10            	all	0.4375
set_P                 	all	0.1293
set_relative_P        	all	0.2072
set_recall            	all	0.1583
set_map               	all	0.0452
set_F                 	all	0.1074
num_nonrel_judged_ret 	all	809
