runid                 	all	run1
num_q                 	all	160
num_ret               	all	15427
num_rel               	all	1331
num_rel_ret           	all	800
map                   	all	0.1608
gm_map                	all	0.0065
Rprec                 	all	0.1523
bpref                 	all	0.1582
recip_rank            	all	0.3083
iprec_at_recall_0.00  	all	0.3277
iprec_at_recall_0.10  	all	0.2804
iprec_at_recall_0.20  	all	0.2403
iprec_at_recall_0.30  	all	0.2075
iprec_at_recall_0.40  	all	0.1825
iprec_at_recall_0.50  	all	0.1680
iprec_at_recall_0.60  	all	0.1333
iprec_at_recall_0.70  	all	0.1166
iprec_at_recall_0.80  	all	0.0976
iprec_at_recall_0.90  	all	0.0802
iprec_at_recall_1.00  	all	0.0660
P_5                   	all	0.1725
P_10                  	all	0.1456
P_15                  	all	0.1212
P_20                  	all	0.1109
P_30                  	all	0.0967
P_100                 	all	0.0500
P_200                 	all	0.0250
P_500                 	all	0.0100
P_1000                	all	0.0050
recall_5              	all	0.1172
recall_10             	all	0.2031
recall_15             	all	0.2354
recall_20             	all	0.2809
recall_30             	all	0.3364
recall_100            	all	0.4870
recall_200            	all	0.4870
recall_500            	all	0.4870
recall_1000           	all	0.4870
infAP                 	all	0.1608
gm_bpref              	all	0.0008
Rprec_mult_0.20       	all	0.1830
Rprec_mult_0.40       	all	0.1777
Rprec_mult_0.60       	all	0.1665
Rprec_mult_0.80       	all	0.1580
Rprec_mult_1.00       	all	0.1523
Rprec_mult_1.20       	all	0.1350
Rprec_mult_1.40       	all	0.1292
Rprec_mult_1.60       	all	0.1243
Rprec_mult_1.80       	all	0.1169
Rprec_mult_2.00       	all	0.1112
utility               	all	-86.4188
11pt_avg              	all	0.1727
binG                  	all	0.1831
G                     	all	0.1831
ndcg                  	all	0.2912
ndcg_rel              	all	0.2712
Rndcg                 	all	0.2275
ndcg_cut_5            	all	0.2027
ndcg_cut_10           	all	0.2171
ndcg_cut_15           	all	0.2183
ndcg_cut_20           	all	0.2290
ndcg_cut_30           	all	0.2443
ndcg_cut_100          	all	0.2912
ndcg_cut_200          	all	0.2912
ndcg_cut_500          	all	0.2912
ndcg_cut_1000         	all	0.2912
map_cut_5             	all	0.0855
map_cut_10            	all	0.1093
map_cut_15            	all	0.1190
map_cut_20            	all	0.1282
map_cut_30            	all	0.1393
map_cut_100           	all	0.1608
map_cut_200           	all	0.1608
map_cut_500           	all	0.1608
map_cut_1000          	all	0.1608
relative_P_5          	all	0.2034
relative_P_10         	all	0.2540
relative_P_15         	all	0.2673
relative_P_20         	all	0.3025
relative_P_30         	all	0.3465
relative_P_100        	all	0.4870
relative_P_200        	all	0.4870
relative_P_500        	all	0.4870
relative_P_1000       	all	0.4870
success_1             	all	0.2188
success_5             	all	0.4000
success_10            	all	0.5062
set_P                 	all	0.0605
set_relative_P        	all	0.4915
set_recall            	all	0.4870
set_map               	all	0.0404
set_F                 	all	0.0868
num_nonrel_judged_ret 	all	5853
