runid                 	all	run1
num_q                 	all	160
num_ret               	all	1583
num_rel               	all	1331
num_rel_ret           	all	233
map                   	all	0.1093
gm_map                	all	0.0012
Rprec                 	all	0.1202
bpref                 	all	0.1110
recip_rank            	all	0.3013
iprec_at_recall_0.00  	all	0.3173
iprec_at_recall_0.10  	all	0.2545
iprec_at_recall_0.20  	all	0.1906
iprec_at_recall_0.30  	all	0.1384
iprec_at_recall_0.40  	all	0.1077
iprec_at_recall_0.50  	all	0.0922
iprec_at_recall_0.60  	all	0.0671
iprec_at_recall_0.70  	all	0.0564
iprec_at_recall_0.80  	all	0.0478
iprec_at_recall_0.90  	all	0.0412
iprec_at_recall_1.00  	all	0.0412
P_5                   	all	0.1725
P_10                  	all	0.1456
P_15                  	all	0.0971
P_20                  	all	0.0728
P_30                  	all	0.0485
P_100                 	all	0.0146
P_200                 	all	0.0073
P_500                 	all	0.0029
P_1000                	all	0.0015
recall_5              	all	0.1172
recall_10             	all	0.2031
recall_15             	all	0.2031
recall_20             	all	0.2031
recall_30             	all	0.2031
recall_100            	all	0.2031
recall_200            	all	0.2031
recall_500            	all	0.2031
recall_1000           	all	0.2031
infAP                 	all	0.1093
gm_bpref              	all	0.0005
Rprec_mult_0.20       	all	0.1791
Rprec_mult_0.40       	all	0.1642
Rprec_mult_0.60       	all	0.1433
Rprec_mult_0.80       	all	0.1295
Rprec_mult_1.00       	all	0.1202
Rprec_mult_1.20       	all	0.0985
Rprec_mult_1.40       	all	0.0909
Rprec_mult_1.60       	all	0.0853
Rprec_mult_1.80       	all	0.0790
Rprec_mult_2.00       	all	0.0742
utility               	all	-6.9813
11pt_avg              	all	0.1231
binG                  	all	0.1212
G                     	all	0.1212
ndcg                  	all	0.1759
ndcg_rel              	all	0.1919
Rndcg                 	all	0.1574
ndcg_cut_5            	all	0.2027
ndcg_cut_10           	all	0.2171
ndcg_cut_15           	all	0.1973
ndcg_cut_20           	all	0.1881
ndcg_cut_30           	all	0.1806
ndcg_cut_100          	all	0.1759
ndcg_cut_200          	all	0.1759
ndcg_cut_500          	all	0.1759
ndcg_cut_1000         	all	0.1759
map_cut_5             	all	0.0855
map_cut_10            	all	0.1093
map_cut_15            	all	0.1093
map_cut_20            	all	0.1093
map_cut_30            	all	0.1093
map_cut_100           	all	0.1093
map_cut_200           	all	0.1093
map_cut_500           	all	0.1093
map_cut_1000          	all	0.1093
relative_P_5          	all	0.2034
relative_P_10         	all	0.2540
relative_P_15         	all	0.2265
relative_P_20         	all	0.2153
relative_P_30         	all	0.2072
relative_P_100        	all	0.2031
relative_P_200        	all	0.2031
relative_P_500        	all	0.2031
relative_P_1000       	all	0.2031
success_1             	all	0.2188
success_5             	all	0.4000
success_10            	all	0.5062
set_P                 	all	0.1499
set_relative_P        	all	0.2581
set_recall            	all	0.2031
set_map               	all	0.0551
set_F                 	all	0.1290
num_nonrel_judged_ret 	all	917
